2024-02-26 15:47:53,368 | INFO | root | Process Execution Started.

2024-02-26 15:47:53,369 | INFO | root | 
Scraping https://www.bigbasket.com/cl/fruits-vegetables/?page=1
2024-02-26 15:47:53,370 | INFO | root | Scraping......

2024-02-26 15:47:55,377 | INFO | root | 
Scraping https://www.bigbasket.com/cl/fruits-vegetables/?page=2
2024-02-26 15:47:55,377 | INFO | root | Scraping......

2024-02-26 15:47:57,005 | INFO | root | 
Scraping https://www.bigbasket.com/cl/fruits-vegetables/?page=3
2024-02-26 15:47:57,006 | INFO | root | Scraping......

2024-02-26 15:47:58,250 | INFO | root | 
Scraping https://www.bigbasket.com/cl/fruits-vegetables/?page=4
2024-02-26 15:47:58,250 | INFO | root | Scraping......

2024-02-26 15:47:59,736 | INFO | root | 
Scraping https://www.bigbasket.com/cl/fruits-vegetables/?page=5
2024-02-26 15:47:59,737 | INFO | root | Scraping......

2024-02-26 15:48:00,835 | INFO | root | 
Scraping https://www.bigbasket.com/cl/fruits-vegetables/?page=6
2024-02-26 15:48:00,835 | INFO | root | Scraping......

2024-02-26 15:48:02,078 | INFO | root | 
Scraping https://www.bigbasket.com/cl/fruits-vegetables/?page=7
2024-02-26 15:48:02,079 | INFO | root | Scraping......

2024-02-26 15:48:15,437 | INFO | root | 
Scraping https://www.bigbasket.com/cl/fruits-vegetables/?page=8
2024-02-26 15:48:15,437 | INFO | root | Scraping......

2024-02-26 15:48:16,698 | INFO | root | 
Scraping https://www.bigbasket.com/cl/fruits-vegetables/?page=9
2024-02-26 15:48:16,699 | INFO | root | Scraping......

2024-02-26 15:48:17,935 | INFO | root | 
Scraping https://www.bigbasket.com/cl/fruits-vegetables/?page=10
2024-02-26 15:48:17,935 | INFO | root | Scraping......

2024-02-26 15:48:19,414 | INFO | root | 
Scraping https://www.bigbasket.com/cl/fruits-vegetables/?page=11
2024-02-26 15:48:19,414 | INFO | root | Scraping......

2024-02-26 15:48:20,660 | INFO | root | 
Scraping https://www.bigbasket.com/cl/fruits-vegetables/?page=12
2024-02-26 15:48:20,660 | INFO | root | Scraping......

2024-02-26 15:48:21,722 | INFO | root | 
Scraping https://www.bigbasket.com/cl/fruits-vegetables/?page=13
2024-02-26 15:48:21,723 | INFO | root | Scraping......

2024-02-26 15:48:22,718 | INFO | root | 
Scraping https://www.bigbasket.com/cl/fruits-vegetables/?page=14
2024-02-26 15:48:22,718 | INFO | root | Scraping......

2024-02-26 15:48:23,698 | INFO | root | 
Scraping https://www.bigbasket.com/cl/fruits-vegetables/?page=15
2024-02-26 15:48:23,698 | INFO | root | Scraping......

2024-02-26 15:48:24,896 | INFO | root | 
Scraping https://www.bigbasket.com/cl/fruits-vegetables/?page=16
2024-02-26 15:48:24,896 | INFO | root | Scraping......

2024-02-26 15:48:36,329 | INFO | root | 
Scraping https://www.bigbasket.com/cl/fruits-vegetables/?page=17
2024-02-26 15:48:36,329 | INFO | root | Scraping......

2024-02-26 15:48:37,350 | INFO | root | 
Scraping https://www.bigbasket.com/cl/fruits-vegetables/?page=18
2024-02-26 15:48:37,351 | INFO | root | Scraping......

2024-02-26 15:48:38,465 | INFO | root | 
Scraping https://www.bigbasket.com/cl/fruits-vegetables/?page=19
2024-02-26 15:48:38,465 | INFO | root | Scraping......

2024-02-26 15:48:40,069 | INFO | root | 
Scraping https://www.bigbasket.com/cl/fruits-vegetables/?page=20
2024-02-26 15:48:40,070 | INFO | root | Scraping......

2024-02-26 15:48:42,094 | INFO | root | 
Scraping https://www.bigbasket.com/cl/fruits-vegetables/?page=21
2024-02-26 15:48:42,095 | INFO | root | Scraping......

2024-02-26 15:48:43,075 | INFO | root | 
Scraping https://www.bigbasket.com/cl/fruits-vegetables/?page=22
2024-02-26 15:48:43,075 | INFO | root | Scraping......

2024-02-26 15:48:44,166 | INFO | root | 
Scraping https://www.bigbasket.com/cl/fruits-vegetables/?page=23
2024-02-26 15:48:44,166 | INFO | root | Scraping......

2024-02-26 15:48:45,787 | INFO | root | 
Scraping https://www.bigbasket.com/cl/fruits-vegetables/?page=24
2024-02-26 15:48:45,787 | INFO | root | Scraping......

2024-02-26 15:48:46,883 | INFO | root | 
Scraping https://www.bigbasket.com/cl/fruits-vegetables/?page=25
2024-02-26 15:48:46,883 | INFO | root | Scraping......

2024-02-26 15:48:47,993 | INFO | root | 
Scraping https://www.bigbasket.com/cl/fruits-vegetables/?page=26
2024-02-26 15:48:47,993 | INFO | root | Scraping......

2024-02-26 15:48:57,331 | INFO | root | 
Scraping https://www.bigbasket.com/cl/fruits-vegetables/?page=27
2024-02-26 15:48:57,331 | INFO | root | Scraping......

2024-02-26 15:49:08,786 | INFO | root | 
Scraping https://www.bigbasket.com/cl/fruits-vegetables/?page=28
2024-02-26 15:49:08,787 | INFO | root | Scraping......

2024-02-26 15:49:12,352 | INFO | root | 
Scraping https://www.bigbasket.com/cl/fruits-vegetables/?page=29
2024-02-26 15:49:12,353 | INFO | root | Scraping......

2024-02-26 15:49:13,697 | INFO | root | 
Scraping https://www.bigbasket.com/cl/fruits-vegetables/?page=30
2024-02-26 15:49:13,697 | INFO | root | Scraping......

2024-02-26 15:49:16,428 | INFO | root | 
Scraping https://www.bigbasket.com/cl/fruits-vegetables/?page=31
2024-02-26 15:49:16,428 | INFO | root | Scraping......

2024-02-26 15:49:17,675 | INFO | root | 
Scraping https://www.bigbasket.com/cl/fruits-vegetables/?page=32
2024-02-26 15:49:17,675 | INFO | root | Scraping......

2024-02-26 15:49:21,632 | INFO | root | 
Scraping https://www.bigbasket.com/cl/fruits-vegetables/?page=33
2024-02-26 15:49:21,632 | INFO | root | Scraping......

2024-02-26 15:49:29,355 | INFO | root | 
Scraping https://www.bigbasket.com/cl/fruits-vegetables/?page=34
2024-02-26 15:49:29,355 | INFO | root | Scraping......

2024-02-26 15:49:30,905 | INFO | root | 
Scraping https://www.bigbasket.com/cl/fruits-vegetables/?page=35
2024-02-26 15:49:30,905 | INFO | root | Scraping......

2024-02-26 15:49:32,043 | INFO | root | 
Scraping https://www.bigbasket.com/cl/fruits-vegetables/?page=36
2024-02-26 15:49:32,043 | INFO | root | Scraping......

2024-02-26 15:49:33,081 | INFO | root | 
Scraping https://www.bigbasket.com/cl/fruits-vegetables/?page=37
2024-02-26 15:49:33,081 | INFO | root | Scraping......

2024-02-26 15:49:34,347 | INFO | root | 
Scraping https://www.bigbasket.com/cl/fruits-vegetables/?page=38
2024-02-26 15:49:34,347 | INFO | root | Scraping......

2024-02-26 15:49:35,604 | INFO | root | 
Scraping https://www.bigbasket.com/cl/fruits-vegetables/?page=39
2024-02-26 15:49:35,604 | INFO | root | Scraping......

2024-02-26 15:49:41,925 | INFO | root | 
Scraping https://www.bigbasket.com/cl/fruits-vegetables/?page=40
2024-02-26 15:49:41,925 | INFO | root | Scraping......

2024-02-26 15:49:42,840 | INFO | root | Reached the end of the product listings.
2024-02-26 15:49:42,930 | INFO | root | Total products scraped from fruits-vegetables category: 1846

2024-02-26 15:49:42,931 | INFO | root | Data saved to fruits-vegetables.csv

2024-02-26 15:49:42,931 | INFO | root | 
Scraping https://www.bigbasket.com/cl/foodgrains-oil-masala/?page=1
2024-02-26 15:49:42,931 | INFO | root | Scraping......

2024-02-26 15:49:51,016 | INFO | root | 
Scraping https://www.bigbasket.com/cl/foodgrains-oil-masala/?page=2
2024-02-26 15:49:51,016 | INFO | root | Scraping......

2024-02-26 15:49:53,347 | INFO | root | 
Scraping https://www.bigbasket.com/cl/foodgrains-oil-masala/?page=3
2024-02-26 15:49:53,347 | INFO | root | Scraping......

2024-02-26 15:49:55,878 | INFO | root | 
Scraping https://www.bigbasket.com/cl/foodgrains-oil-masala/?page=4
2024-02-26 15:49:55,878 | INFO | root | Scraping......

